{"level":"DEBUG","time":"2024-09-16T02:46:50.360+0800","caller":"web_App/main.go:37","msg":"logger init success"}
{"level":"ERROR","time":"2024-09-16T02:46:50.392+0800","caller":"mysql/mysql.go:28","msg":"connect mysql failed","error":"Error 1049 (42000): Unknown database 'sql_name'"}
{"level":"DEBUG","time":"2024-09-16T02:49:39.561+0800","caller":"web_App/main.go:37","msg":"logger init success"}
{"level":"DEBUG","time":"2024-09-16T02:50:07.571+0800","caller":"web_App/main.go:37","msg":"logger init success"}
{"level":"DEBUG","time":"2024-09-16T02:51:34.998+0800","caller":"web_App/main.go:37","msg":"logger init success"}
{"level":"DEBUG","time":"2024-09-16T02:52:46.569+0800","caller":"web_App/main.go:37","msg":"logger init success"}
{"level":"DEBUG","time":"2024-09-16T02:53:17.643+0800","caller":"web_App/main.go:37","msg":"logger init success"}
{"level":"DEBUG","time":"2024-09-16T02:53:44.648+0800","caller":"web_App/main.go:37","msg":"logger init success"}
{"level":"DEBUG","time":"2024-09-16T02:54:12.574+0800","caller":"web_App/main.go:37","msg":"logger init success"}
{"level":"DEBUG","time":"2024-09-16T02:57:06.721+0800","caller":"web_App/main.go:37","msg":"logger init success"}
{"level":"INFO","time":"2024-09-16T02:58:02.661+0800","caller":"logger/logger.go:72","msg":"/","status":200,"method":"GET","path":"/","query":"","ip":"::1","user-agent":"Mozilla/5.0 (Windows NT 10.0; Win64; x64) AppleWebKit/537.36 (KHTML, like Gecko) Chrome/122.0.0.0 Safari/537.36","errors":"","cost":0}
{"level":"INFO","time":"2024-09-16T02:58:02.703+0800","caller":"logger/logger.go:72","msg":"/favicon.ico","status":404,"method":"GET","path":"/favicon.ico","query":"","ip":"::1","user-agent":"Mozilla/5.0 (Windows NT 10.0; Win64; x64) AppleWebKit/537.36 (KHTML, like Gecko) Chrome/122.0.0.0 Safari/537.36","errors":"","cost":0}
{"level":"INFO","time":"2024-09-16T03:00:37.161+0800","caller":"web_App/main.go:73","msg":"Shutdown Server ..."}
{"level":"INFO","time":"2024-09-16T03:00:37.161+0800","caller":"web_App/main.go:82","msg":"Server exiting"}
{"level":"DEBUG","time":"2024-09-16T13:16:40.088+0800","caller":"web_App/main.go:37","msg":"logger init success"}
{"level":"ERROR","time":"2024-09-16T13:16:40.133+0800","caller":"mysql/mysql.go:21","msg":"connect mysql failed","error":"dial tcp: lookup tcp/{cfg.Port}: unknown port"}
{"level":"DEBUG","time":"2024-09-16T13:17:33.117+0800","caller":"web_App/main.go:37","msg":"logger init success"}
{"level":"ERROR","time":"2024-09-16T13:17:33.155+0800","caller":"mysql/mysql.go:21","msg":"connect mysql failed","error":"dial tcp: lookup tcp/{cfg.Port}: unknown port"}
{"level":"DEBUG","time":"2024-09-16T13:19:51.062+0800","caller":"web_App/main.go:37","msg":"logger init success"}
{"level":"DEBUG","time":"2024-09-16T13:22:36.778+0800","caller":"web_App/main.go:37","msg":"logger init success"}
{"level":"DEBUG","time":"2024-09-16T13:23:02.914+0800","caller":"web_App/main.go:37","msg":"logger init success"}
{"level":"INFO","time":"2024-09-16T13:23:05.910+0800","caller":"web_App/main.go:73","msg":"Shutdown Server ..."}
{"level":"INFO","time":"2024-09-16T13:23:05.910+0800","caller":"web_App/main.go:82","msg":"Server exiting"}
{"level":"DEBUG","time":"2024-09-16T13:32:13.158+0800","caller":"web_App/main.go:37","msg":"logger init success"}
{"level":"INFO","time":"2024-09-16T13:32:15.496+0800","caller":"web_App/main.go:73","msg":"Shutdown Server ..."}
{"level":"INFO","time":"2024-09-16T13:32:15.496+0800","caller":"web_App/main.go:82","msg":"Server exiting"}
{"level":"DEBUG","time":"2024-09-16T13:56:31.548+0800","caller":"web_App/main.go:41","msg":"logger init success"}
